app/build/outputs/mapping/release/mapping.txt
# compiler: R8
# compiler_version: 1.5.69
# min_api: 21
# pg_map_id: 42ecf48
com.ivan.androidultimateexample.App -> com.ivan.androidultimateexample.App:
    dagger.android.DispatchingAndroidInjector activityDispatchingAndroidInjector -> f
    1:1:com.ivan.androidultimateexample.ui.base.di.component.AppComponent$Builder com.ivan.androidultimateexample.ui.base.di.component.DaggerAppComponent.builder():0:0 -> a
    1:1:dagger.android.AndroidInjector applicationInjector():0 -> a
    2:2:dagger.android.AndroidInjector applicationInjector():0:0 -> a
    1:1:void com.jakewharton.threetenabp.AndroidThreeTen.init(android.content.Context,java.lang.String):0:0 -> onCreate
    1:1:void com.jakewharton.threetenabp.AndroidThreeTen.init(android.content.Context):0 -> onCreate
    1:1:void com.jakewharton.threetenabp.AndroidThreeTen.init(android.app.Application):0 -> onCreate
    1:1:void onCreate():0 -> onCreate
    2:2:void org.threeten.bp.zone.ZoneRulesInitializer.setInitializer(org.threeten.bp.zone.ZoneRulesInitializer):0:0 -> onCreate
    2:2:void com.jakewharton.threetenabp.AndroidThreeTen.init(android.content.Context,java.lang.String):0 -> onCreate
    2:2:void com.jakewharton.threetenabp.AndroidThreeTen.init(android.content.Context):0 -> onCreate
    2:2:void com.jakewharton.threetenabp.AndroidThreeTen.init(android.app.Application):0 -> onCreate
    2:2:void onCreate():0 -> onCreate
com.ivan.androidultimateexample.DataBinderMapperImpl -> g.c.a.a:
    android.util.SparseIntArray INTERNAL_LAYOUT_ID_LOOKUP -> a
    java.util.List collectDependencies() -> a
    androidx.databinding.ViewDataBinding getDataBinder(androidx.databinding.DataBindingComponent,android.view.View,int) -> a
    androidx.databinding.ViewDataBinding getDataBinder(androidx.databinding.DataBindingComponent,android.view.View[],int) -> a
com.ivan.androidultimateexample.R$id -> g.c.a.b:
com.ivan.androidultimateexample.databinding.ActivitiesFragmentBinding -> g.c.a.c.a:
com.ivan.androidultimateexample.databinding.ActivitiesFragmentBindingImpl -> g.c.a.c.b:
    androidx.constraintlayout.widget.ConstraintLayout mboundView0 -> v
    long mDirtyFlags -> w
    android.util.SparseIntArray sViewsWithIds -> x
    1:1:void <init>(androidx.databinding.DataBindingComponent,android.view.View,java.lang.Object[]):0:0 -> <init>
    1:1:void <init>(androidx.databinding.DataBindingComponent,android.view.View):0 -> <init>
    2:2:void androidx.databinding.ViewDataBinding.setRootTag(android.view.View):0:0 -> <init>
    2:2:void <init>(androidx.databinding.DataBindingComponent,android.view.View,java.lang.Object[]):0 -> <init>
    2:2:void <init>(androidx.databinding.DataBindingComponent,android.view.View):0 -> <init>
    3:3:void <init>(androidx.databinding.DataBindingComponent,android.view.View,java.lang.Object[]):0:0 -> <init>
    3:3:void <init>(androidx.databinding.DataBindingComponent,android.view.View):0 -> <init>
    void executeBindings() -> a
    boolean onFieldChange(int,java.lang.Object,int) -> a
    boolean setVariable(int,java.lang.Object) -> a
    boolean hasPendingBindings() -> c
    void invalidateAll() -> e
com.ivan.androidultimateexample.databinding.ActivityCreateFragmentBinding -> g.c.a.c.c:
    android.widget.EditText txtCategory -> v
    android.widget.EditText txtVenue -> z
    android.widget.EditText txtTitle -> y
    android.widget.EditText txtDescription -> x
    android.widget.EditText txtCity -> w
    com.ivan.androidultimateexample.ui.main.activities.ActivityCreateViewModel mViewModel -> A
...
androidx.core.os.CancellationSignal$OnCancelListener -> f.h.h.a$a:
    void onCancel() -> a
androidx.core.os.TraceCompat -> f.h.h.b:
    void beginSection(java.lang.String) -> a
    void endSection() -> a
androidx.core.provider.FontRequest -> f.h.i.a:
    java.lang.String mIdentifier -> f
    java.util.List mCertificates -> d
    java.lang.String mProviderAuthority -> a
    int mCertificatesArray -> e
    java.lang.String mQuery -> c
    java.lang.String mProviderPackage -> b
    1:1:java.lang.Object androidx.core.util.Preconditions.checkNotNull(java.lang.Object):0:0 -> <init>
    1:1:void <init>(java.lang.String,java.lang.String,java.lang.String,java.util.List):0 -> <init>
androidx.core.provider.FontsContractCompat -> f.h.i.b:
    androidx.collection.SimpleArrayMap sPendingReplies -> d
    androidx.collection.LruCache sTypefaceCache -> a
    java.lang.Object sLock -> c
    java.util.Comparator sByteArrayComparator -> e
    androidx.core.provider.SelfDestructiveThread sBackgroundThread -> b
    1:1:java.lang.String androidx.core.provider.FontRequest.getProviderAuthority():0:0 -> a
    1:1:android.content.pm.ProviderInfo getProvider(android.content.pm.PackageManager,androidx.core.provider.FontRequest,android.content.res.Resources):0 -> a
    1:1:androidx.core.provider.FontsContractCompat$FontFamilyResult fetchFonts(android.content.Context,android.os.CancellationSignal,androidx.core.provider.FontRequest):0 -> a
    2:2:android.content.pm.ProviderInfo getProvider(android.content.pm.PackageManager,androidx.core.provider.FontRequest,android.content.res.Resources):0:0 -> a
    2:2:androidx.core.provider.FontsContractCompat$FontFamilyResult fetchFonts(android.content.Context,android.os.CancellationSignal,androidx.core.provider.FontRequest):0 -> a
    3:3:java.lang.String androidx.core.provider.FontRequest.getProviderPackage():0:0 -> a
    3:3:android.content.pm.ProviderInfo getProvider(android.content.pm.PackageManager,androidx.core.provider.FontRequest,android.content.res.Resources):0 -> a
androidx.core.provider.FontsContractCompat$1 -> f.h.i.b$a:
    android.content.Context val$context -> a
    androidx.core.provider.FontRequest val$request -> b
    int val$style -> c
    java.lang.String val$id -> d
    1:1:androidx.core.provider.FontsContractCompat$TypefaceResult call():0:0 -> call
    1:1:java.lang.Object call():0 -> call
androidx.core.provider.FontsContractCompat$2 -> f.h.i.b$b:
    android.os.Handler val$handler -> b
    androidx.core.content.res.ResourcesCompat$FontCallback val$fontCallback -> a
    1:1:void onReply(androidx.core.provider.FontsContractCompat$TypefaceResult):0:0 -> a
    1:1:void onReply(java.lang.Object):0 -> a
androidx.core.provider.FontsContractCompat$3 -> f.h.i.b$c:
    java.lang.String val$id -> a
    void onReply(androidx.core.provider.FontsContractCompat$TypefaceResult) -> a
    void onReply(java.lang.Object) -> a
androidx.core.provider.FontsContractCompat$5 -> f.h.i.b$d:
    1:1:int compare(byte[],byte[]):0:0 -> compare
    1:1:int compare(java.lang.Object,java.lang.Object):0 -> compare
androidx.core.provider.FontsContractCompat$FontFamilyResult -> f.h.i.b$e:
    int mStatusCode -> a
    androidx.core.provider.FontsContractCompat$FontInfo[] mFonts -> b
androidx.core.provider.FontsContractCompat$FontInfo -> f.h.i.b$f:
    int mResultCode -> e
    int mTtcIndex -> b
    int mWeight -> c
    android.net.Uri mUri -> a
    boolean mItalic -> d
    1:1:java.lang.Object androidx.core.util.Preconditions.checkNotNull(java.lang.Object):0:0 -> <init>
    1:1:void <init>(android.net.Uri,int,int,boolean,int):0 -> <init>
androidx.core.provider.FontsContractCompat$TypefaceResult -> f.h.i.b$g:
    android.graphics.Typeface mTypeface -> a
    int mResult -> b